<?xml version="1.0" encoding="UTF-8"?>
<!-- Generated by org.testng.reporters.JUnitReportReporter -->
<testsuite skipped="0" hostname="DESKTOP-Q3Q7HR6" name="HomePageTest" tests="1" failures="0" timestamp="31 Jul 2019 23:41:20 GMT" time="4.295" errors="0">
  <testcase name="cambioMonedaParameters" time="4.295" classname="HomePageTest"/>
</testsuite> <!-- HomePageTest -->
